<?xml version="1.0" encoding="UTF-8"?>
<testsuite name="com.generics.MaximumNumberTest" tests="1" skipped="0" failures="0" errors="0" timestamp="2019-11-28T11:22:51" hostname="admin1-desktop" time="0.001">
  <properties/>
  <testcase name="givenThreeNumber_whenInteger_maximumNumber" classname="com.generics.MaximumNumberTest" time="0.001"/>
  <system-out><![CDATA[]]></system-out>
  <system-err><![CDATA[]]></system-err>
</testsuite>
