<?xml version="1.0" encoding="UTF-8"?>
<testsuite name="com.generics.MaximumNumberTest" tests="3" skipped="0" failures="0" errors="0" timestamp="2019-11-28T11:51:19" hostname="admin1-desktop" time="0.002">
  <properties/>
  <testcase name="givenThreeNumber_whenInteger_maximumNumber" classname="com.generics.MaximumNumberTest" time="0.001"/>
  <testcase name="givenThreeString_whenString_maximumString" classname="com.generics.MaximumNumberTest" time="0.001"/>
  <testcase name="givenThreeNumber_whenFloat_maximumNumber" classname="com.generics.MaximumNumberTest" time="0.0"/>
  <system-out><![CDATA[]]></system-out>
  <system-err><![CDATA[]]></system-err>
</testsuite>
